[debug] [2022-12-21T16:52:40.988Z] ----------------------------------------------------------------------
[debug] [2022-12-21T16:52:40.990Z] Command:       C:\Program Files\nodejs\node.exe C:\Users\anc\AppData\Roaming\npm\node_modules\firebase-tools\lib\bin\firebase.js init
[debug] [2022-12-21T16:52:40.991Z] CLI Version:   11.19.0
[debug] [2022-12-21T16:52:40.992Z] Platform:      win32
[debug] [2022-12-21T16:52:40.992Z] Node Version:  v18.12.1
[debug] [2022-12-21T16:52:40.994Z] Time:          Wed Dec 21 2022 17:52:40 GMT+0100 (Centraleuropæisk normaltid)
[debug] [2022-12-21T16:52:40.995Z] ----------------------------------------------------------------------
[debug] 
[debug] [2022-12-21T16:52:41.001Z] >>> [apiv2][query] GET https://firebase-public.firebaseio.com/cli.json [none]
[debug] [2022-12-21T16:52:41.095Z] > command requires scopes: ["email","openid","https://www.googleapis.com/auth/cloudplatformprojects.readonly","https://www.googleapis.com/auth/firebase","https://www.googleapis.com/auth/cloud-platform"]
[debug] [2022-12-21T16:52:41.096Z] > authorizing via signed-in user (a.ciobanu19@gmail.com)
[info] 
     ######## #### ########  ######## ########     ###     ######  ########
     ##        ##  ##     ## ##       ##     ##  ##   ##  ##       ##
     ######    ##  ########  ######   ########  #########  ######  ######
     ##        ##  ##    ##  ##       ##     ## ##     ##       ## ##
     ##       #### ##     ## ######## ########  ##     ##  ######  ########

You're about to initialize a Firebase project in this directory:

  C:\Users\anc\Desktop\ANC\Ciobanu-Andrei-CV\Curriculum-Vitae

[debug] [2022-12-21T16:52:41.641Z] <<< [apiv2][status] GET https://firebase-public.firebaseio.com/cli.json 200
[debug] [2022-12-21T16:52:41.642Z] <<< [apiv2][body] GET https://firebase-public.firebaseio.com/cli.json {"cloudBuildErrorAfter":1594252800000,"cloudBuildWarnAfter":1590019200000,"defaultNode10After":1594252800000,"minVersion":"3.0.5","node8DeploysDisabledAfter":1613390400000,"node8RuntimeDisabledAfter":1615809600000,"node8WarnAfter":1600128000000}
[info] 
=== Project Setup
[info] 
[info] First, let's associate this project directory with a Firebase project.
[info] You can create multiple project aliases by running firebase use --add, 
[info] but for now we'll just set up a default project.
[info] 
[info] i  .firebaserc already has a default project, using andreiciobanucv. 
[debug] [2022-12-21T16:53:16.103Z] > refreshing access token with scopes: []
[debug] [2022-12-21T16:53:16.104Z] >>> [apiv2][query] POST https://www.googleapis.com/oauth2/v3/token [none]
[debug] [2022-12-21T16:53:16.105Z] >>> [apiv2][body] POST https://www.googleapis.com/oauth2/v3/token [omitted]
[debug] [2022-12-21T16:53:16.452Z] <<< [apiv2][status] POST https://www.googleapis.com/oauth2/v3/token 200
[debug] [2022-12-21T16:53:16.453Z] <<< [apiv2][body] POST https://www.googleapis.com/oauth2/v3/token [omitted]
[debug] [2022-12-21T16:53:16.489Z] >>> [apiv2][query] GET https://firebase.googleapis.com/v1beta1/projects/andreiciobanucv [none]
[debug] [2022-12-21T16:53:17.059Z] <<< [apiv2][status] GET https://firebase.googleapis.com/v1beta1/projects/andreiciobanucv 200
[debug] [2022-12-21T16:53:17.059Z] <<< [apiv2][body] GET https://firebase.googleapis.com/v1beta1/projects/andreiciobanucv {"projectId":"andreiciobanucv","projectNumber":"86942142296","displayName":"andreiciobanucv","name":"projects/andreiciobanucv","resources":{"hostingSite":"andreiciobanucv"},"state":"ACTIVE","etag":"1_7028b3cd-c4f7-4c3e-a4da-fac25ec6172e"}
[info] 
=== Hosting Setup
[info] 
[info] Your public directory is the folder (relative to your project directory) that
[info] will contain Hosting assets to be uploaded with firebase deploy. If you
[info] have a build process for your assets, use your build's output directory.
[info] 
